Using pre-set license
Built from '2020.2/release' branch; Version is '2020.2.2f1 (068178b99f32) revision 426360'; Using compiler version '192528614'; Build Type 'Release'
OS: 'Windows 10 Home; OS build 19045.3570; Version 2009; 64bit' Language: 'en' Physical Memory: 16111 MB
BatchMode: 1, IsHumanControllingUs: 0, StartBugReporterOnCrash: 0, Is64bit: 1, IsPro: 0

 COMMAND LINE ARGUMENTS:
C:\Program Files\Unity\Editor\Unity.exe
-adb2
-batchMode
-noUpm
-name
AssetImportWorker1
-projectPath
C:/Users/ylily/Desktop/Things/_HollowKnightMod/UnderstandingShit/ShadeLord/Unity
-logFile
Logs/AssetImportWorker1.log
-srvPort
57730
Successfully changed project path to: C:/Users/ylily/Desktop/Things/_HollowKnightMod/UnderstandingShit/ShadeLord/Unity
C:/Users/ylily/Desktop/Things/_HollowKnightMod/UnderstandingShit/ShadeLord/Unity
Using Asset Import Pipeline V2.
Refreshing native plugins compatible for Editor in 100.41 ms, found 1 plugins.
Preloading 0 native plugins for Editor in 0.00 ms.
Initialize engine version: 2020.2.2f1 (068178b99f32)
[Subsystems] Discovering subsystems at path C:/Program Files/Unity/Editor/Data/Resources/UnitySubsystems
[Subsystems] Discovering subsystems at path C:/Users/ylily/Desktop/Things/_HollowKnightMod/UnderstandingShit/ShadeLord/Unity/Assets
GfxDevice: creating device client; threaded=0
Direct3D:
    Version:  Direct3D 11.0 [level 11.1]
    Renderer: NVIDIA GeForce GTX 1650 (ID=0x1f91)
    Vendor:   
    VRAM:     3951 MB
    Driver:   31.0.15.3209
Initialize mono
Mono path[0] = 'C:/Program Files/Unity/Editor/Data/Managed'
Mono path[1] = 'C:/Program Files/Unity/Editor/Data/MonoBleedingEdge/lib/mono/unityjit'
Mono config path = 'C:/Program Files/Unity/Editor/Data/MonoBleedingEdge/etc'
Using monoOptions --debugger-agent=transport=dt_socket,embedding=1,server=y,suspend=n,address=127.0.0.1:56364
Begin MonoManager ReloadAssembly
Registering precompiled unity dll's ...
Register platform support module: C:/Program Files/Unity/Editor/Data/PlaybackEngines/WindowsStandaloneSupport/UnityEditor.WindowsStandalone.Extensions.dll
Registered in 0.203265 seconds.
Native extension for WindowsStandalone target not found
Refreshing native plugins compatible for Editor in 35.07 ms, found 1 plugins.
Preloading 0 native plugins for Editor in 0.00 ms.
Invoked RoslynAnalysisRunner static constructor.
RoslynAnalysisRunner will not be running.
RoslynAnalysisRunner has terminated.
Mono: successfully reloaded assembly
- Completed reload, in  5.838 seconds
Platform modules already initialized, skipping
Registering precompiled user dll's ...
Registered in 0.071882 seconds.
Begin MonoManager ReloadAssembly
Native extension for WindowsStandalone target not found
Refreshing native plugins compatible for Editor in 43.27 ms, found 1 plugins.
Preloading 0 native plugins for Editor in 0.00 ms.
Invoked RoslynAnalysisRunner static constructor.
RoslynAnalysisRunner will not be running.
RoslynAnalysisRunner has terminated.
Mono: successfully reloaded assembly
- Completed reload, in  4.503 seconds
Platform modules already initialized, skipping
========================================================================
Worker process is ready to serve import requests
Launched and connected shader compiler UnityShaderCompiler.exe after 0.09 seconds
Refreshing native plugins compatible for Editor in 0.35 ms, found 1 plugins.
Preloading 0 native plugins for Editor in 0.00 ms.
Unloading 1821 Unused Serialized files (Serialized files now loaded: 0)
System memory in use before: 86.6 MB.
System memory in use after: 86.6 MB.

Unloading 23 unused Assets to reduce memory usage. Loaded Objects now: 2270.
Total: 6.510300 ms (FindLiveObjects: 0.544500 ms CreateObjectMapping: 0.255700 ms MarkObjects: 5.328400 ms  DeleteObjects: 0.377800 ms)

========================================================================
Received Import Request.
  path: Assets/Terrain/fade.cs
  artifactKey: Guid(3c527bc38fa567d44847ea53632c3ed5) Importer(815301076,1909f56bfc062723c751e8b465ee728b)
Start importing Assets/Terrain/fade.cs using Guid(3c527bc38fa567d44847ea53632c3ed5) Importer(815301076,1909f56bfc062723c751e8b465ee728b)  -> (artifact id: 'de54a5478f582cae3da613c9a45b828c') in 0.091259 seconds
  Import took 0.096829 seconds .

========================================================================
Received Prepare
Refreshing native plugins compatible for Editor in 2.41 ms, found 1 plugins.
Preloading 0 native plugins for Editor in 0.00 ms.
Unloading 10 Unused Serialized files (Serialized files now loaded: 0)
System memory in use before: 50.3 MB.
System memory in use after: 50.3 MB.

Unloading 10 unused Assets to reduce memory usage. Loaded Objects now: 2270.
Total: 3.072000 ms (FindLiveObjects: 0.277900 ms CreateObjectMapping: 0.072200 ms MarkObjects: 2.614800 ms  DeleteObjects: 0.105300 ms)

========================================================================
Received Import Request.
  Time since last request: 1375.401145 seconds.
  path: Assets/ShadeLord/Sprites/Beam/BeamAnimation.cs
  artifactKey: Guid(4a1c9fa126bc80d4ba745680ac95ac69) Importer(815301076,1909f56bfc062723c751e8b465ee728b)
Start importing Assets/ShadeLord/Sprites/Beam/BeamAnimation.cs using Guid(4a1c9fa126bc80d4ba745680ac95ac69) Importer(815301076,1909f56bfc062723c751e8b465ee728b)  -> (artifact id: 'c85b687a1357adbdd4455d59a44ce158') in 0.014500 seconds
  Import took 0.019290 seconds .

========================================================================
Received Import Request.
  Time since last request: 0.001728 seconds.
  path: Assets/ShadeLord/Sprites/Beam/BeamAnimation.cs
  artifactKey: Guid(4a1c9fa126bc80d4ba745680ac95ac69) Importer(815301076,1909f56bfc062723c751e8b465ee728b)
Start importing Assets/ShadeLord/Sprites/Beam/BeamAnimation.cs using Guid(4a1c9fa126bc80d4ba745680ac95ac69) Importer(815301076,1909f56bfc062723c751e8b465ee728b)  -> (artifact id: 'c85b687a1357adbdd4455d59a44ce158') in 0.004144 seconds
  Import took 0.009966 seconds .

========================================================================
Received Import Request.
  Time since last request: 663.148126 seconds.
  path: Assets/VoidTendrils/ShortAnimator.controller
  artifactKey: Guid(61f0e8615b8491949b8664931073e95a) Importer(815301076,1909f56bfc062723c751e8b465ee728b)
Start importing Assets/VoidTendrils/ShortAnimator.controller using Guid(61f0e8615b8491949b8664931073e95a) Importer(815301076,1909f56bfc062723c751e8b465ee728b)  -> (artifact id: '0ad88c394f7dc22eab271c9e83ee697e') in 0.051433 seconds
  Import took 0.054782 seconds .

========================================================================
Received Import Request.
  Time since last request: 58.357129 seconds.
  path: Assets/VoidTendrils/ShortAnim.anim
  artifactKey: Guid(171345dabe19a8e49833ea2d5d870442) Importer(815301076,1909f56bfc062723c751e8b465ee728b)
Start importing Assets/VoidTendrils/ShortAnim.anim using Guid(171345dabe19a8e49833ea2d5d870442) Importer(815301076,1909f56bfc062723c751e8b465ee728b)  -> (artifact id: '1ce721f8ee23fdb27cb32b9f97d8c4d7') in 0.011538 seconds
  Import took 0.014375 seconds .

========================================================================
Received Import Request.
  Time since last request: 0.001599 seconds.
  path: Assets/VoidTendrils/ShortAnim.anim
  artifactKey: Guid(171345dabe19a8e49833ea2d5d870442) Importer(815301076,1909f56bfc062723c751e8b465ee728b)
Start importing Assets/VoidTendrils/ShortAnim.anim using Guid(171345dabe19a8e49833ea2d5d870442) Importer(815301076,1909f56bfc062723c751e8b465ee728b)  -> (artifact id: '1ce721f8ee23fdb27cb32b9f97d8c4d7') in 0.003819 seconds
  Import took 0.006646 seconds .

========================================================================
Received Import Request.
  Time since last request: 3.432194 seconds.
  path: Assets/VoidTendrils/TallAnimator.controller
  artifactKey: Guid(928405d110793214abe6f4daf6292551) Importer(815301076,1909f56bfc062723c751e8b465ee728b)
Start importing Assets/VoidTendrils/TallAnimator.controller using Guid(928405d110793214abe6f4daf6292551) Importer(815301076,1909f56bfc062723c751e8b465ee728b)  -> (artifact id: '7ce6ad543ccecf29af96b2eb8e70e798') in 0.016896 seconds
  Import took 0.019640 seconds .

========================================================================
Received Prepare
Registering precompiled user dll's ...
Registered in 0.001481 seconds.
Begin MonoManager ReloadAssembly
Native extension for WindowsStandalone target not found
Refreshing native plugins compatible for Editor in 0.38 ms, found 1 plugins.
Preloading 0 native plugins for Editor in 0.00 ms.
Invoked RoslynAnalysisRunner static constructor.
RoslynAnalysisRunner will not be running.
RoslynAnalysisRunner has terminated.
Mono: successfully reloaded assembly
- Completed reload, in  1.302 seconds
Platform modules already initialized, skipping
Refreshing native plugins compatible for Editor in 0.37 ms, found 1 plugins.
Preloading 0 native plugins for Editor in 0.00 ms.
Unloading 1816 Unused Serialized files (Serialized files now loaded: 0)
System memory in use before: 87.0 MB.
System memory in use after: 87.0 MB.

Unloading 12 unused Assets to reduce memory usage. Loaded Objects now: 2273.
Total: 2.101100 ms (FindLiveObjects: 0.194200 ms CreateObjectMapping: 0.061100 ms MarkObjects: 1.693900 ms  DeleteObjects: 0.150400 ms)

========================================================================
Received Prepare
Refreshing native plugins compatible for Editor in 2.54 ms, found 1 plugins.
Preloading 0 native plugins for Editor in 0.00 ms.
Unloading 10 Unused Serialized files (Serialized files now loaded: 0)
System memory in use before: 50.9 MB.
System memory in use after: 50.9 MB.

Unloading 10 unused Assets to reduce memory usage. Loaded Objects now: 2273.
Total: 13.634900 ms (FindLiveObjects: 0.372100 ms CreateObjectMapping: 0.076300 ms MarkObjects: 13.057100 ms  DeleteObjects: 0.126500 ms)

========================================================================
Received Prepare
Refreshing native plugins compatible for Editor in 2.06 ms, found 1 plugins.
Preloading 0 native plugins for Editor in 0.00 ms.
Unloading 10 Unused Serialized files (Serialized files now loaded: 0)
System memory in use before: 51.0 MB.
System memory in use after: 51.0 MB.

Unloading 10 unused Assets to reduce memory usage. Loaded Objects now: 2273.
Total: 2.171300 ms (FindLiveObjects: 0.173100 ms CreateObjectMapping: 0.074700 ms MarkObjects: 1.814200 ms  DeleteObjects: 0.108100 ms)

========================================================================
Received Prepare
Refreshing native plugins compatible for Editor in 2.12 ms, found 1 plugins.
Preloading 0 native plugins for Editor in 0.00 ms.
Unloading 10 Unused Serialized files (Serialized files now loaded: 0)
System memory in use before: 51.4 MB.
System memory in use after: 51.4 MB.

Unloading 10 unused Assets to reduce memory usage. Loaded Objects now: 2273.
Total: 3.998000 ms (FindLiveObjects: 0.305700 ms CreateObjectMapping: 0.124100 ms MarkObjects: 3.455900 ms  DeleteObjects: 0.110100 ms)

========================================================================
Received Prepare
Refreshing native plugins compatible for Editor in 2.04 ms, found 1 plugins.
Preloading 0 native plugins for Editor in 0.00 ms.
Unloading 10 Unused Serialized files (Serialized files now loaded: 0)
System memory in use before: 51.6 MB.
System memory in use after: 51.6 MB.

Unloading 10 unused Assets to reduce memory usage. Loaded Objects now: 2273.
Total: 2.250200 ms (FindLiveObjects: 0.290100 ms CreateObjectMapping: 0.112000 ms MarkObjects: 1.750700 ms  DeleteObjects: 0.096300 ms)

========================================================================
Received Prepare
Refreshing native plugins compatible for Editor in 2.25 ms, found 1 plugins.
Preloading 0 native plugins for Editor in 0.00 ms.
Unloading 10 Unused Serialized files (Serialized files now loaded: 0)
System memory in use before: 51.8 MB.
System memory in use after: 51.8 MB.

Unloading 10 unused Assets to reduce memory usage. Loaded Objects now: 2273.
Total: 3.101300 ms (FindLiveObjects: 0.235700 ms CreateObjectMapping: 0.069800 ms MarkObjects: 2.605600 ms  DeleteObjects: 0.183600 ms)

========================================================================
Received Prepare
Refreshing native plugins compatible for Editor in 2.12 ms, found 1 plugins.
Preloading 0 native plugins for Editor in 0.00 ms.
Unloading 10 Unused Serialized files (Serialized files now loaded: 0)
System memory in use before: 52.0 MB.
System memory in use after: 52.0 MB.

Unloading 10 unused Assets to reduce memory usage. Loaded Objects now: 2273.
Total: 2.313700 ms (FindLiveObjects: 0.183300 ms CreateObjectMapping: 0.063300 ms MarkObjects: 1.960400 ms  DeleteObjects: 0.105700 ms)

========================================================================
Received Prepare
Refreshing native plugins compatible for Editor in 3.25 ms, found 1 plugins.
Preloading 0 native plugins for Editor in 0.00 ms.
Unloading 10 Unused Serialized files (Serialized files now loaded: 0)
System memory in use before: 51.3 MB.
System memory in use after: 51.3 MB.

Unloading 10 unused Assets to reduce memory usage. Loaded Objects now: 2273.
Total: 2.980200 ms (FindLiveObjects: 0.226600 ms CreateObjectMapping: 0.083300 ms MarkObjects: 2.550900 ms  DeleteObjects: 0.117800 ms)

========================================================================
Received Prepare
Refreshing native plugins compatible for Editor in 2.06 ms, found 1 plugins.
Preloading 0 native plugins for Editor in 0.00 ms.
Unloading 10 Unused Serialized files (Serialized files now loaded: 0)
System memory in use before: 51.5 MB.
System memory in use after: 51.5 MB.

Unloading 10 unused Assets to reduce memory usage. Loaded Objects now: 2273.
Total: 1.982600 ms (FindLiveObjects: 0.201300 ms CreateObjectMapping: 0.097600 ms MarkObjects: 1.590000 ms  DeleteObjects: 0.093000 ms)

========================================================================
Received Prepare
Refreshing native plugins compatible for Editor in 2.12 ms, found 1 plugins.
Preloading 0 native plugins for Editor in 0.00 ms.
Unloading 10 Unused Serialized files (Serialized files now loaded: 0)
System memory in use before: 51.7 MB.
System memory in use after: 51.7 MB.

Unloading 10 unused Assets to reduce memory usage. Loaded Objects now: 2273.
Total: 3.013900 ms (FindLiveObjects: 0.278800 ms CreateObjectMapping: 0.074600 ms MarkObjects: 2.470300 ms  DeleteObjects: 0.188700 ms)

========================================================================
Received Prepare
Refreshing native plugins compatible for Editor in 2.06 ms, found 1 plugins.
Preloading 0 native plugins for Editor in 0.00 ms.
Unloading 10 Unused Serialized files (Serialized files now loaded: 0)
System memory in use before: 52.0 MB.
System memory in use after: 52.0 MB.

Unloading 10 unused Assets to reduce memory usage. Loaded Objects now: 2273.
Total: 2.103800 ms (FindLiveObjects: 0.171500 ms CreateObjectMapping: 0.076800 ms MarkObjects: 1.757700 ms  DeleteObjects: 0.096600 ms)

========================================================================
Received Import Request.
  Time since last request: 20417.012780 seconds.
  path: Assets/ShadeLord/Sprites/Spike/Effect_FloorSpike.png
  artifactKey: Guid(5f23613c65895484996802154994fe26) Importer(815301076,1909f56bfc062723c751e8b465ee728b)
Start importing Assets/ShadeLord/Sprites/Spike/Effect_FloorSpike.png using Guid(5f23613c65895484996802154994fe26) Importer(815301076,1909f56bfc062723c751e8b465ee728b)  -> (artifact id: '9d04eef359d86b13451de7abe25d1b70') in 0.371376 seconds
  Import took 0.398899 seconds .

========================================================================
Received Prepare
Refreshing native plugins compatible for Editor in 2.34 ms, found 1 plugins.
Preloading 0 native plugins for Editor in 0.00 ms.
Unloading 10 Unused Serialized files (Serialized files now loaded: 0)
System memory in use before: 55.3 MB.
System memory in use after: 55.3 MB.

Unloading 10 unused Assets to reduce memory usage. Loaded Objects now: 2302.
Total: 6.913500 ms (FindLiveObjects: 0.174900 ms CreateObjectMapping: 0.075500 ms MarkObjects: 6.547900 ms  DeleteObjects: 0.114000 ms)

========================================================================
Received Prepare
Refreshing native plugins compatible for Editor in 2.13 ms, found 1 plugins.
Preloading 0 native plugins for Editor in 0.00 ms.
Unloading 10 Unused Serialized files (Serialized files now loaded: 0)
System memory in use before: 54.7 MB.
System memory in use after: 54.7 MB.

Unloading 10 unused Assets to reduce memory usage. Loaded Objects now: 2302.
Total: 2.787500 ms (FindLiveObjects: 0.177300 ms CreateObjectMapping: 0.063000 ms MarkObjects: 2.425700 ms  DeleteObjects: 0.120200 ms)

========================================================================
Received Prepare
Refreshing native plugins compatible for Editor in 2.12 ms, found 1 plugins.
Preloading 0 native plugins for Editor in 0.00 ms.
Unloading 10 Unused Serialized files (Serialized files now loaded: 0)
System memory in use before: 55.0 MB.
System memory in use after: 55.0 MB.

Unloading 10 unused Assets to reduce memory usage. Loaded Objects now: 2302.
Total: 3.218900 ms (FindLiveObjects: 0.202600 ms CreateObjectMapping: 0.075300 ms MarkObjects: 2.826100 ms  DeleteObjects: 0.113500 ms)

========================================================================
Received Prepare
Refreshing native plugins compatible for Editor in 2.09 ms, found 1 plugins.
Preloading 0 native plugins for Editor in 0.00 ms.
Unloading 10 Unused Serialized files (Serialized files now loaded: 0)
System memory in use before: 55.2 MB.
System memory in use after: 55.2 MB.

Unloading 10 unused Assets to reduce memory usage. Loaded Objects now: 2302.
Total: 2.669900 ms (FindLiveObjects: 0.177100 ms CreateObjectMapping: 0.061900 ms MarkObjects: 2.328500 ms  DeleteObjects: 0.101700 ms)

========================================================================
Received Prepare
Refreshing native plugins compatible for Editor in 2.64 ms, found 1 plugins.
Preloading 0 native plugins for Editor in 0.00 ms.
Unloading 10 Unused Serialized files (Serialized files now loaded: 0)
System memory in use before: 55.3 MB.
System memory in use after: 55.3 MB.

Unloading 10 unused Assets to reduce memory usage. Loaded Objects now: 2302.
Total: 3.211900 ms (FindLiveObjects: 0.189200 ms CreateObjectMapping: 0.074700 ms MarkObjects: 2.825600 ms  DeleteObjects: 0.121100 ms)

========================================================================
Received Prepare
Refreshing native plugins compatible for Editor in 2.63 ms, found 1 plugins.
Preloading 0 native plugins for Editor in 0.00 ms.
Unloading 10 Unused Serialized files (Serialized files now loaded: 0)
System memory in use before: 54.7 MB.
System memory in use after: 54.7 MB.

Unloading 10 unused Assets to reduce memory usage. Loaded Objects now: 2302.
Total: 2.507600 ms (FindLiveObjects: 0.182700 ms CreateObjectMapping: 0.069800 ms MarkObjects: 2.141400 ms  DeleteObjects: 0.112700 ms)

========================================================================
Received Prepare
Refreshing native plugins compatible for Editor in 2.77 ms, found 1 plugins.
Preloading 0 native plugins for Editor in 0.00 ms.
Unloading 10 Unused Serialized files (Serialized files now loaded: 0)
System memory in use before: 54.9 MB.
System memory in use after: 54.9 MB.

Unloading 10 unused Assets to reduce memory usage. Loaded Objects now: 2302.
Total: 3.227800 ms (FindLiveObjects: 0.194400 ms CreateObjectMapping: 0.080300 ms MarkObjects: 2.827100 ms  DeleteObjects: 0.124500 ms)

========================================================================
Received Prepare
Refreshing native plugins compatible for Editor in 2.71 ms, found 1 plugins.
Preloading 0 native plugins for Editor in 0.00 ms.
Unloading 10 Unused Serialized files (Serialized files now loaded: 0)
System memory in use before: 55.1 MB.
System memory in use after: 55.1 MB.

Unloading 10 unused Assets to reduce memory usage. Loaded Objects now: 2302.
Total: 2.767900 ms (FindLiveObjects: 0.191200 ms CreateObjectMapping: 0.071700 ms MarkObjects: 2.387000 ms  DeleteObjects: 0.117000 ms)

AssetImportWorkerClient::OnTransportError - code=2 error=End of file
